生成启动时间为 2016/3/10 23:07:59。
     1>项目“C:\Users\LENOVO\Documents\Visual Studio 2010\Projects\WC\WC\WC.vcxproj”在节点 2 上(build 个目标)。
     1>InitializeBuildStatus:
         正在创建“Debug\WC.unsuccessfulbuild”，因为已指定“AlwaysCreate”。
       ClCompile:
         f:\c语言程序安装包\VC\bin\CL.exe /c /ZI /nologo /W3 /WX- /Od /Oy- /D _MBCS /Gm /EHsc /RTC1 /MDd /GS /fp:precise /Zc:wchar_t /Zc:forScope /Fo"Debug\\" /Fd"Debug\vc100.pdb" /Gd /TP /analyze- /errorReport:prompt wc.cpp
         wc.cpp
     1>c:\users\lenovo\documents\visual studio 2010\projects\wc\wc\wc.cpp(9): warning C4996: 'scanf': This function or variable may be unsafe. Consider using scanf_s instead. To disable deprecation, use _CRT_SECURE_NO_WARNINGS. See online help for details.
                 f:\c语言程序安装包\vc\include\stdio.h(304) : 参见“scanf”的声明
     1>c:\users\lenovo\documents\visual studio 2010\projects\wc\wc\wc.cpp(34): warning C4996: 'fopen': This function or variable may be unsafe. Consider using fopen_s instead. To disable deprecation, use _CRT_SECURE_NO_WARNINGS. See online help for details.
                 f:\c语言程序安装包\vc\include\stdio.h(234) : 参见“fopen”的声明
       Link:
         f:\c语言程序安装包\VC\bin\link.exe /ERRORREPORT:PROMPT /OUT:"C:\Users\LENOVO\Documents\Visual Studio 2010\Projects\WC\Debug\WC.exe" /NOLOGO kernel32.lib user32.lib gdi32.lib winspool.lib comdlg32.lib advapi32.lib shell32.lib ole32.lib oleaut32.lib uuid.lib odbc32.lib odbccp32.lib /MANIFEST /ManifestFile:"Debug\WC.exe.intermediate.manifest" /MANIFESTUAC:"level='asInvoker' uiAccess='false'" /DEBUG /PDB:"C:\Users\LENOVO\Documents\Visual Studio 2010\Projects\WC\Debug\WC.pdb" /TLBID:1 /DYNAMICBASE /NXCOMPAT /IMPLIB:"C:\Users\LENOVO\Documents\Visual Studio 2010\Projects\WC\Debug\WC.lib" /MACHINE:X86 Debug\wc.obj
         LINK : 没有找到 C:\Users\LENOVO\Documents\Visual Studio 2010\Projects\WC\Debug\WC.exe 或上一个增量链接没有生成它；正在执行完全链接
         WC.vcxproj -> C:\Users\LENOVO\Documents\Visual Studio 2010\Projects\WC\Debug\WC.exe
       Manifest:
         C:\Program Files (x86)\Microsoft SDKs\Windows\v7.0A\bin\mt.exe /nologo /verbose /outputresource:"C:\Users\LENOVO\Documents\Visual Studio 2010\Projects\WC\Debug\WC.exe;#1" /manifest Debug\WC.exe.intermediate.manifest
       FinalizeBuildStatus:
         正在删除文件“Debug\WC.unsuccessfulbuild”。
         正在对“Debug\WC.lastbuildstate”执行 Touch 任务。
     1>已完成生成项目“C:\Users\LENOVO\Documents\Visual Studio 2010\Projects\WC\WC\WC.vcxproj”(build 个目标)的操作。

生成成功。

已用时间 00:00:01.07
